WARNING (theano.tensor.blas): Using NumPy C-API based implementation for BLAS functions.
pybullet build time: Oct 11 2021 20:59:39
num of nodes = 800 and num of edges = 903
num of nodes = 800 and num of edges = 903
num of nodes = 800 and num of edges = 903
num of nodes = 800 and num of edges = 903
train epoch=0, loader_type='Both', approx_losses.avg=0.12519163166334232, constraint_losses.avg=0.16214195619051655
------------------------- test Main, avg_test_AL=0.02207077298399591, avg_test_CL=0.022069386259716738, max_test_CL=0.046227097511291504
------------------------- test un normalized Main, avg_test_AL_un_norm=0.02207077298399591, avg_test_CL_un_norm=0.022069386259716738, max_test_CL_un_norm=0.046227097511291504
------------------------- test Omega, avg_test_AL=0, avg_test_CL=6.587890598518308e-09, max_test_CL=7.61288454498299e-09
------------------------- test un normalized Omega, avg_test_AL_un_norm=0, avg_test_CL_un_norm=6.587890598518308e-09, max_test_CL_un_norm=7.61288454498299e-09
train epoch=1, loader_type='Both', approx_losses.avg=0.1487424052290638, constraint_losses.avg=0.19523013248652277
------------------------- test Main, avg_test_AL=0.021890259319536982, avg_test_CL=0.021888881137933063, max_test_CL=0.046260587871074677
------------------------- test un normalized Main, avg_test_AL_un_norm=0.021890259319536982, avg_test_CL_un_norm=0.021888881137933063, max_test_CL_un_norm=0.046260587871074677
------------------------- test Omega, avg_test_AL=0, avg_test_CL=3.473898048324199e-08, max_test_CL=3.97506099147904e-08
------------------------- test un normalized Omega, avg_test_AL_un_norm=0, avg_test_CL_un_norm=3.473898048324199e-08, max_test_CL_un_norm=3.97506099147904e-08
train epoch=2, loader_type='Both', approx_losses.avg=0.13324254009965808, constraint_losses.avg=0.18247948021695387
------------------------- test Main, avg_test_AL=0.021890262818166455, avg_test_CL=0.021888884728039126, max_test_CL=0.04626059532165527
------------------------- test un normalized Main, avg_test_AL_un_norm=0.021890262818166455, avg_test_CL_un_norm=0.021888884728039126, max_test_CL_un_norm=0.04626059532165527
------------------------- test Omega, avg_test_AL=0, avg_test_CL=3.4906647771814714e-08, max_test_CL=4.007118192816961e-08
------------------------- test un normalized Omega, avg_test_AL_un_norm=0, avg_test_CL_un_norm=3.4906647771814714e-08, max_test_CL_un_norm=4.007118192816961e-08
train epoch=3, loader_type='Both', approx_losses.avg=0.13244882545941317, constraint_losses.avg=0.1816361668279637
------------------------- test Main, avg_test_AL=0.021890208576495113, avg_test_CL=0.021888830640302726, max_test_CL=0.0462605319917202
------------------------- test un normalized Main, avg_test_AL_un_norm=0.021890208576495113, avg_test_CL_un_norm=0.021888830640302726, max_test_CL_un_norm=0.0462605319917202
------------------------- test Omega, avg_test_AL=0, avg_test_CL=3.5573335065774214e-08, max_test_CL=4.0833651127059056e-08
------------------------- test un normalized Omega, avg_test_AL_un_norm=0, avg_test_CL_un_norm=3.5573335065774214e-08, max_test_CL_un_norm=4.0833651127059056e-08
train epoch=4, loader_type='Both', approx_losses.avg=0.13003834037060538, constraint_losses.avg=0.17977148184167843
------------------------- test Main, avg_test_AL=0.022045872616928846, avg_test_CL=0.022044514737213146, max_test_CL=0.04643344134092331
------------------------- test un normalized Main, avg_test_AL_un_norm=0.022045872616928846, avg_test_CL_un_norm=0.022044514737213146, max_test_CL_un_norm=0.04643344134092331
------------------------- test Omega, avg_test_AL=0, avg_test_CL=3.478240108035647e-08, max_test_CL=3.989808305959741e-08
------------------------- test un normalized Omega, avg_test_AL_un_norm=0, avg_test_CL_un_norm=3.478240108035647e-08, max_test_CL_un_norm=3.989808305959741e-08
train epoch=5, loader_type='Both', approx_losses.avg=0.13304219454204042, constraint_losses.avg=0.18263326615790526
------------------------- test Main, avg_test_AL=0.022045881823801978, avg_test_CL=0.022044523993189888, max_test_CL=0.04643344134092331
------------------------- test un normalized Main, avg_test_AL_un_norm=0.022045881823801978, avg_test_CL_un_norm=0.022044523993189888, max_test_CL_un_norm=0.04643344134092331
------------------------- test Omega, avg_test_AL=0, avg_test_CL=3.5313725159073485e-08, max_test_CL=4.0525058864204766e-08
------------------------- test un normalized Omega, avg_test_AL_un_norm=0, avg_test_CL_un_norm=3.5313725159073485e-08, max_test_CL_un_norm=4.0525058864204766e-08
train epoch=6, loader_type='Both', approx_losses.avg=0.1288587532758713, constraint_losses.avg=0.18186027603267382
------------------------- test Main, avg_test_AL=0.02231475072210185, avg_test_CL=0.02231339229250328, max_test_CL=0.046410441398620605
------------------------- test un normalized Main, avg_test_AL_un_norm=0.02231475072210185, avg_test_CL_un_norm=0.02231339229250328, max_test_CL_un_norm=0.046410441398620605
------------------------- test Omega, avg_test_AL=0, avg_test_CL=3.258283558564883e-08, max_test_CL=3.738535880870586e-08
------------------------- test un normalized Omega, avg_test_AL_un_norm=0, avg_test_CL_un_norm=3.258283558564883e-08, max_test_CL_un_norm=3.738535880870586e-08
train epoch=7, loader_type='Both', approx_losses.avg=0.18265010056098302, constraint_losses.avg=0.2330457037448883
------------------------- test Main, avg_test_AL=0.022315141381803877, avg_test_CL=0.02231378211963802, max_test_CL=0.046410828828811646
------------------------- test un normalized Main, avg_test_AL_un_norm=0.022315141381803877, avg_test_CL_un_norm=0.02231378211963802, max_test_CL_un_norm=0.046410828828811646
------------------------- test Omega, avg_test_AL=0, avg_test_CL=4.5120783546785494e-08, max_test_CL=5.1809308843075996e-08
------------------------- test un normalized Omega, avg_test_AL_un_norm=0, avg_test_CL_un_norm=4.5120783546785494e-08, max_test_CL_un_norm=5.1809308843075996e-08
train epoch=8, loader_type='Both', approx_losses.avg=0.18264807660977045, constraint_losses.avg=0.2332403738498688
------------------------- test Main, avg_test_AL=0.022315141381803877, avg_test_CL=0.02231378211963802, max_test_CL=0.046410828828811646
------------------------- test un normalized Main, avg_test_AL_un_norm=0.022315141381803877, avg_test_CL_un_norm=0.02231378211963802, max_test_CL_un_norm=0.046410828828811646
------------------------- test Omega, avg_test_AL=0, avg_test_CL=4.5120783546785494e-08, max_test_CL=5.1809308843075996e-08
------------------------- test un normalized Omega, avg_test_AL_un_norm=0, avg_test_CL_un_norm=4.5120783546785494e-08, max_test_CL_un_norm=5.1809308843075996e-08
train epoch=9, loader_type='Both', approx_losses.avg=0.18264807660977045, constraint_losses.avg=0.2332403738498688
------------------------- test Main, avg_test_AL=0.022315141381803877, avg_test_CL=0.02231378211963802, max_test_CL=0.046410828828811646
------------------------- test un normalized Main, avg_test_AL_un_norm=0.022315141381803877, avg_test_CL_un_norm=0.02231378211963802, max_test_CL_un_norm=0.046410828828811646
------------------------- test Omega, avg_test_AL=0, avg_test_CL=4.5120783546785494e-08, max_test_CL=5.1809308843075996e-08
------------------------- test un normalized Omega, avg_test_AL_un_norm=0, avg_test_CL_un_norm=4.5120783546785494e-08, max_test_CL_un_norm=5.1809308843075996e-08
train epoch=10, loader_type='Both', approx_losses.avg=0.18264807660977045, constraint_losses.avg=0.2332403738498688
------------------------- test Main, avg_test_AL=0.022315141381803877, avg_test_CL=0.02231378211963802, max_test_CL=0.046410828828811646
------------------------- test un normalized Main, avg_test_AL_un_norm=0.022315141381803877, avg_test_CL_un_norm=0.02231378211963802, max_test_CL_un_norm=0.046410828828811646
------------------------- test Omega, avg_test_AL=0, avg_test_CL=4.5120783546785494e-08, max_test_CL=5.1809308843075996e-08
------------------------- test un normalized Omega, avg_test_AL_un_norm=0, avg_test_CL_un_norm=4.5120783546785494e-08, max_test_CL_un_norm=5.1809308843075996e-08
train epoch=11, loader_type='Both', approx_losses.avg=0.18264807660977045, constraint_losses.avg=0.2332403737227122
------------------------- test Main, avg_test_AL=0.022315141381803877, avg_test_CL=0.02231378211963802, max_test_CL=0.046410828828811646
------------------------- test un normalized Main, avg_test_AL_un_norm=0.022315141381803877, avg_test_CL_un_norm=0.02231378211963802, max_test_CL_un_norm=0.046410828828811646
------------------------- test Omega, avg_test_AL=0, avg_test_CL=4.5120783546785494e-08, max_test_CL=5.1809308843075996e-08
------------------------- test un normalized Omega, avg_test_AL_un_norm=0, avg_test_CL_un_norm=4.5120783546785494e-08, max_test_CL_un_norm=5.1809308843075996e-08
train epoch=12, loader_type='Both', approx_losses.avg=0.18264807660977045, constraint_losses.avg=0.2332403737227122
------------------------- test Main, avg_test_AL=0.022315141381803877, avg_test_CL=0.02231378211963802, max_test_CL=0.046410828828811646
------------------------- test un normalized Main, avg_test_AL_un_norm=0.022315141381803877, avg_test_CL_un_norm=0.02231378211963802, max_test_CL_un_norm=0.046410828828811646
------------------------- test Omega, avg_test_AL=0, avg_test_CL=4.5120783546785494e-08, max_test_CL=5.1809308843075996e-08
------------------------- test un normalized Omega, avg_test_AL_un_norm=0, avg_test_CL_un_norm=4.5120783546785494e-08, max_test_CL_un_norm=5.1809308843075996e-08
train epoch=13, loader_type='Both', approx_losses.avg=0.18264807660977045, constraint_losses.avg=0.2332403737227122
------------------------- test Main, avg_test_AL=0.022315141381803877, avg_test_CL=0.02231378211963802, max_test_CL=0.046410828828811646
------------------------- test un normalized Main, avg_test_AL_un_norm=0.022315141381803877, avg_test_CL_un_norm=0.02231378211963802, max_test_CL_un_norm=0.046410828828811646
------------------------- test Omega, avg_test_AL=0, avg_test_CL=4.5120783546785494e-08, max_test_CL=5.1809308843075996e-08
------------------------- test un normalized Omega, avg_test_AL_un_norm=0, avg_test_CL_un_norm=4.5120783546785494e-08, max_test_CL_un_norm=5.1809308843075996e-08
train epoch=14, loader_type='Both', approx_losses.avg=0.18264807660977045, constraint_losses.avg=0.2332403737227122
------------------------- test Main, avg_test_AL=0.022315141381803877, avg_test_CL=0.02231378211963802, max_test_CL=0.046410828828811646
------------------------- test un normalized Main, avg_test_AL_un_norm=0.022315141381803877, avg_test_CL_un_norm=0.02231378211963802, max_test_CL_un_norm=0.046410828828811646
------------------------- test Omega, avg_test_AL=0, avg_test_CL=4.5120783546785494e-08, max_test_CL=5.1809308843075996e-08
------------------------- test un normalized Omega, avg_test_AL_un_norm=0, avg_test_CL_un_norm=4.5120783546785494e-08, max_test_CL_un_norm=5.1809308843075996e-08
train epoch=15, loader_type='Both', approx_losses.avg=0.18264807654619217, constraint_losses.avg=0.23324037346839904
------------------------- test Main, avg_test_AL=0.022315141381803877, avg_test_CL=0.02231378211963802, max_test_CL=0.046410828828811646
------------------------- test un normalized Main, avg_test_AL_un_norm=0.022315141381803877, avg_test_CL_un_norm=0.02231378211963802, max_test_CL_un_norm=0.046410828828811646
------------------------- test Omega, avg_test_AL=0, avg_test_CL=4.5120783546785494e-08, max_test_CL=5.1809308843075996e-08
------------------------- test un normalized Omega, avg_test_AL_un_norm=0, avg_test_CL_un_norm=4.5120783546785494e-08, max_test_CL_un_norm=5.1809308843075996e-08
train epoch=16, loader_type='Both', approx_losses.avg=0.1826480764190356, constraint_losses.avg=0.23324037346839904
------------------------- test Main, avg_test_AL=0.022315141381803877, avg_test_CL=0.02231378211963802, max_test_CL=0.046410828828811646
------------------------- test un normalized Main, avg_test_AL_un_norm=0.022315141381803877, avg_test_CL_un_norm=0.02231378211963802, max_test_CL_un_norm=0.046410828828811646
------------------------- test Omega, avg_test_AL=0, avg_test_CL=4.5120783546785494e-08, max_test_CL=5.1809308843075996e-08
------------------------- test un normalized Omega, avg_test_AL_un_norm=0, avg_test_CL_un_norm=4.5120783546785494e-08, max_test_CL_un_norm=5.1809308843075996e-08
train epoch=17, loader_type='Both', approx_losses.avg=0.1826480764190356, constraint_losses.avg=0.23324037346839904
------------------------- test Main, avg_test_AL=0.022315141381803877, avg_test_CL=0.02231378211963802, max_test_CL=0.046410828828811646
------------------------- test un normalized Main, avg_test_AL_un_norm=0.022315141381803877, avg_test_CL_un_norm=0.02231378211963802, max_test_CL_un_norm=0.046410828828811646
------------------------- test Omega, avg_test_AL=0, avg_test_CL=4.5120783546785494e-08, max_test_CL=5.1809308843075996e-08
------------------------- test un normalized Omega, avg_test_AL_un_norm=0, avg_test_CL_un_norm=4.5120783546785494e-08, max_test_CL_un_norm=5.1809308843075996e-08
train epoch=18, loader_type='Both', approx_losses.avg=0.1826480764190356, constraint_losses.avg=0.23324037308692933
------------------------- test Main, avg_test_AL=0.022315141381803877, avg_test_CL=0.02231378211963802, max_test_CL=0.046410828828811646
------------------------- test un normalized Main, avg_test_AL_un_norm=0.022315141381803877, avg_test_CL_un_norm=0.02231378211963802, max_test_CL_un_norm=0.046410828828811646
------------------------- test Omega, avg_test_AL=0, avg_test_CL=4.5120783546785494e-08, max_test_CL=5.1809308843075996e-08
------------------------- test un normalized Omega, avg_test_AL_un_norm=0, avg_test_CL_un_norm=4.5120783546785494e-08, max_test_CL_un_norm=5.1809308843075996e-08
train epoch=19, loader_type='Both', approx_losses.avg=0.18264807616472245, constraint_losses.avg=0.23324037270545958
------------------------- test Main, avg_test_AL=0.022315141381803877, avg_test_CL=0.02231378211963802, max_test_CL=0.046410828828811646
------------------------- test un normalized Main, avg_test_AL_un_norm=0.022315141381803877, avg_test_CL_un_norm=0.02231378211963802, max_test_CL_un_norm=0.046410828828811646
------------------------- test Omega, avg_test_AL=0, avg_test_CL=4.5120783546785494e-08, max_test_CL=5.1809308843075996e-08
------------------------- test un normalized Omega, avg_test_AL_un_norm=0, avg_test_CL_un_norm=4.5120783546785494e-08, max_test_CL_un_norm=5.1809308843075996e-08
train epoch=20, loader_type='Both', approx_losses.avg=0.18264807603756586, constraint_losses.avg=0.23324037194252015
------------------------- test Main, avg_test_AL=0.022315141381803877, avg_test_CL=0.02231378211963802, max_test_CL=0.046410828828811646
------------------------- test un normalized Main, avg_test_AL_un_norm=0.022315141381803877, avg_test_CL_un_norm=0.02231378211963802, max_test_CL_un_norm=0.046410828828811646
------------------------- test Omega, avg_test_AL=0, avg_test_CL=4.5120783546785494e-08, max_test_CL=5.1809308843075996e-08
------------------------- test un normalized Omega, avg_test_AL_un_norm=0, avg_test_CL_un_norm=4.5120783546785494e-08, max_test_CL_un_norm=5.1809308843075996e-08
train epoch=21, loader_type='Both', approx_losses.avg=0.18264807571967442, constraint_losses.avg=0.23324037117958069
------------------------- test Main, avg_test_AL=0.022315141381803877, avg_test_CL=0.02231378211963802, max_test_CL=0.046410828828811646
------------------------- test un normalized Main, avg_test_AL_un_norm=0.022315141381803877, avg_test_CL_un_norm=0.02231378211963802, max_test_CL_un_norm=0.046410828828811646
------------------------- test Omega, avg_test_AL=0, avg_test_CL=4.5120783546785494e-08, max_test_CL=5.1809308843075996e-08
------------------------- test un normalized Omega, avg_test_AL_un_norm=0, avg_test_CL_un_norm=4.5120783546785494e-08, max_test_CL_un_norm=5.1809308843075996e-08
train epoch=22, loader_type='Both', approx_losses.avg=0.18264807527462643, constraint_losses.avg=0.23324036863644917
------------------------- test Main, avg_test_AL=0.022315141381803877, avg_test_CL=0.02231378211963802, max_test_CL=0.046410828828811646
------------------------- test un normalized Main, avg_test_AL_un_norm=0.022315141381803877, avg_test_CL_un_norm=0.02231378211963802, max_test_CL_un_norm=0.046410828828811646
------------------------- test Omega, avg_test_AL=0, avg_test_CL=4.5120783546785494e-08, max_test_CL=5.1809308843075996e-08
------------------------- test un normalized Omega, avg_test_AL_un_norm=0, avg_test_CL_un_norm=4.5120783546785494e-08, max_test_CL_un_norm=5.1809308843075996e-08
train epoch=23, loader_type='Both', approx_losses.avg=0.18264807311296463, constraint_losses.avg=0.2332403571923574
------------------------- test Main, avg_test_AL=0.022315141381803877, avg_test_CL=0.02231378211963802, max_test_CL=0.046410828828811646
------------------------- test un normalized Main, avg_test_AL_un_norm=0.022315141381803877, avg_test_CL_un_norm=0.02231378211963802, max_test_CL_un_norm=0.046410828828811646
------------------------- test Omega, avg_test_AL=0, avg_test_CL=4.5120783546785494e-08, max_test_CL=5.1809308843075996e-08
------------------------- test un normalized Omega, avg_test_AL_un_norm=0, avg_test_CL_un_norm=4.5120783546785494e-08, max_test_CL_un_norm=5.1809308843075996e-08
train epoch=24, loader_type='Both', approx_losses.avg=0.18264321255286534, constraint_losses.avg=0.23324470442136128
------------------------- test Main, avg_test_AL=0.022315141381803877, avg_test_CL=0.02231378211963802, max_test_CL=0.046410828828811646
------------------------- test un normalized Main, avg_test_AL_un_norm=0.022315141381803877, avg_test_CL_un_norm=0.02231378211963802, max_test_CL_un_norm=0.046410828828811646
------------------------- test Omega, avg_test_AL=0, avg_test_CL=4.5120783546785494e-08, max_test_CL=5.1809308843075996e-08
------------------------- test un normalized Omega, avg_test_AL_un_norm=0, avg_test_CL_un_norm=4.5120783546785494e-08, max_test_CL_un_norm=5.1809308843075996e-08
train epoch=25, loader_type='Both', approx_losses.avg=0.18264807718197504, constraint_losses.avg=0.23324037613868714
------------------------- test Main, avg_test_AL=0.022315141381803877, avg_test_CL=0.02231378211963802, max_test_CL=0.046410828828811646
------------------------- test un normalized Main, avg_test_AL_un_norm=0.022315141381803877, avg_test_CL_un_norm=0.02231378211963802, max_test_CL_un_norm=0.046410828828811646
------------------------- test Omega, avg_test_AL=0, avg_test_CL=4.5120783546785494e-08, max_test_CL=5.1809308843075996e-08
------------------------- test un normalized Omega, avg_test_AL_un_norm=0, avg_test_CL_un_norm=4.5120783546785494e-08, max_test_CL_un_norm=5.1809308843075996e-08
train epoch=26, loader_type='Both', approx_losses.avg=0.18264807718197504, constraint_losses.avg=0.23324037613868714
------------------------- test Main, avg_test_AL=0.022315141381803877, avg_test_CL=0.02231378211963802, max_test_CL=0.046410828828811646
------------------------- test un normalized Main, avg_test_AL_un_norm=0.022315141381803877, avg_test_CL_un_norm=0.02231378211963802, max_test_CL_un_norm=0.046410828828811646
------------------------- test Omega, avg_test_AL=0, avg_test_CL=4.5120783546785494e-08, max_test_CL=5.1809308843075996e-08
------------------------- test un normalized Omega, avg_test_AL_un_norm=0, avg_test_CL_un_norm=4.5120783546785494e-08, max_test_CL_un_norm=5.1809308843075996e-08
train epoch=27, loader_type='Both', approx_losses.avg=0.18264807718197504, constraint_losses.avg=0.23324037613868714
------------------------- test Main, avg_test_AL=0.022315141381803877, avg_test_CL=0.02231378211963802, max_test_CL=0.046410828828811646
------------------------- test un normalized Main, avg_test_AL_un_norm=0.022315141381803877, avg_test_CL_un_norm=0.02231378211963802, max_test_CL_un_norm=0.046410828828811646
------------------------- test Omega, avg_test_AL=0, avg_test_CL=4.5120783546785494e-08, max_test_CL=5.1809308843075996e-08
------------------------- test un normalized Omega, avg_test_AL_un_norm=0, avg_test_CL_un_norm=4.5120783546785494e-08, max_test_CL_un_norm=5.1809308843075996e-08
train epoch=28, loader_type='Both', approx_losses.avg=0.18264807718197504, constraint_losses.avg=0.23324037613868714
------------------------- test Main, avg_test_AL=0.022315141381803877, avg_test_CL=0.02231378211963802, max_test_CL=0.046410828828811646
------------------------- test un normalized Main, avg_test_AL_un_norm=0.022315141381803877, avg_test_CL_un_norm=0.02231378211963802, max_test_CL_un_norm=0.046410828828811646
------------------------- test Omega, avg_test_AL=0, avg_test_CL=4.5120783546785494e-08, max_test_CL=5.1809308843075996e-08
------------------------- test un normalized Omega, avg_test_AL_un_norm=0, avg_test_CL_un_norm=4.5120783546785494e-08, max_test_CL_un_norm=5.1809308843075996e-08
train epoch=29, loader_type='Both', approx_losses.avg=0.18264807718197504, constraint_losses.avg=0.23324037613868714
------------------------- test Main, avg_test_AL=0.022315141381803877, avg_test_CL=0.02231378211963802, max_test_CL=0.046410828828811646
------------------------- test un normalized Main, avg_test_AL_un_norm=0.022315141381803877, avg_test_CL_un_norm=0.02231378211963802, max_test_CL_un_norm=0.046410828828811646
------------------------- test Omega, avg_test_AL=0, avg_test_CL=4.5120783546785494e-08, max_test_CL=5.1809308843075996e-08
------------------------- test un normalized Omega, avg_test_AL_un_norm=0, avg_test_CL_un_norm=4.5120783546785494e-08, max_test_CL_un_norm=5.1809308843075996e-08
train epoch=30, loader_type='Both', approx_losses.avg=0.18264807718197504, constraint_losses.avg=0.23324037613868714
------------------------- test Main, avg_test_AL=0.022315141381803877, avg_test_CL=0.02231378211963802, max_test_CL=0.046410828828811646
------------------------- test un normalized Main, avg_test_AL_un_norm=0.022315141381803877, avg_test_CL_un_norm=0.02231378211963802, max_test_CL_un_norm=0.046410828828811646
------------------------- test Omega, avg_test_AL=0, avg_test_CL=4.5120783546785494e-08, max_test_CL=5.1809308843075996e-08
------------------------- test un normalized Omega, avg_test_AL_un_norm=0, avg_test_CL_un_norm=4.5120783546785494e-08, max_test_CL_un_norm=5.1809308843075996e-08
train epoch=31, loader_type='Both', approx_losses.avg=0.18264807718197504, constraint_losses.avg=0.23324037613868714
------------------------- test Main, avg_test_AL=0.022315141381803877, avg_test_CL=0.02231378211963802, max_test_CL=0.046410828828811646
------------------------- test un normalized Main, avg_test_AL_un_norm=0.022315141381803877, avg_test_CL_un_norm=0.02231378211963802, max_test_CL_un_norm=0.046410828828811646
------------------------- test Omega, avg_test_AL=0, avg_test_CL=4.5120783546785494e-08, max_test_CL=5.1809308843075996e-08
------------------------- test un normalized Omega, avg_test_AL_un_norm=0, avg_test_CL_un_norm=4.5120783546785494e-08, max_test_CL_un_norm=5.1809308843075996e-08
train epoch=32, loader_type='Both', approx_losses.avg=0.18264807718197504, constraint_losses.avg=0.23324037613868714
------------------------- test Main, avg_test_AL=0.022315141381803877, avg_test_CL=0.02231378211963802, max_test_CL=0.046410828828811646
------------------------- test un normalized Main, avg_test_AL_un_norm=0.022315141381803877, avg_test_CL_un_norm=0.02231378211963802, max_test_CL_un_norm=0.046410828828811646
------------------------- test Omega, avg_test_AL=0, avg_test_CL=4.5120783546785494e-08, max_test_CL=5.1809308843075996e-08
------------------------- test un normalized Omega, avg_test_AL_un_norm=0, avg_test_CL_un_norm=4.5120783546785494e-08, max_test_CL_un_norm=5.1809308843075996e-08
train epoch=33, loader_type='Both', approx_losses.avg=0.18264807718197504, constraint_losses.avg=0.23324037613868714
------------------------- test Main, avg_test_AL=0.022315141381803877, avg_test_CL=0.02231378211963802, max_test_CL=0.046410828828811646
------------------------- test un normalized Main, avg_test_AL_un_norm=0.022315141381803877, avg_test_CL_un_norm=0.02231378211963802, max_test_CL_un_norm=0.046410828828811646
------------------------- test Omega, avg_test_AL=0, avg_test_CL=4.5120783546785494e-08, max_test_CL=5.1809308843075996e-08
------------------------- test un normalized Omega, avg_test_AL_un_norm=0, avg_test_CL_un_norm=4.5120783546785494e-08, max_test_CL_un_norm=5.1809308843075996e-08
train epoch=34, loader_type='Both', approx_losses.avg=0.18264807718197504, constraint_losses.avg=0.23324037613868714
------------------------- test Main, avg_test_AL=0.022315141381803877, avg_test_CL=0.02231378211963802, max_test_CL=0.046410828828811646
------------------------- test un normalized Main, avg_test_AL_un_norm=0.022315141381803877, avg_test_CL_un_norm=0.02231378211963802, max_test_CL_un_norm=0.046410828828811646
------------------------- test Omega, avg_test_AL=0, avg_test_CL=4.5120783546785494e-08, max_test_CL=5.1809308843075996e-08
------------------------- test un normalized Omega, avg_test_AL_un_norm=0, avg_test_CL_un_norm=4.5120783546785494e-08, max_test_CL_un_norm=5.1809308843075996e-08
train epoch=35, loader_type='Both', approx_losses.avg=0.18264807718197504, constraint_losses.avg=0.23324037613868714
------------------------- test Main, avg_test_AL=0.022315141381803877, avg_test_CL=0.02231378211963802, max_test_CL=0.046410828828811646
------------------------- test un normalized Main, avg_test_AL_un_norm=0.022315141381803877, avg_test_CL_un_norm=0.02231378211963802, max_test_CL_un_norm=0.046410828828811646
------------------------- test Omega, avg_test_AL=0, avg_test_CL=4.5120783546785494e-08, max_test_CL=5.1809308843075996e-08
------------------------- test un normalized Omega, avg_test_AL_un_norm=0, avg_test_CL_un_norm=4.5120783546785494e-08, max_test_CL_un_norm=5.1809308843075996e-08
train epoch=36, loader_type='Both', approx_losses.avg=0.18264807718197504, constraint_losses.avg=0.23324037613868714
------------------------- test Main, avg_test_AL=0.022315141381803877, avg_test_CL=0.02231378211963802, max_test_CL=0.046410828828811646
------------------------- test un normalized Main, avg_test_AL_un_norm=0.022315141381803877, avg_test_CL_un_norm=0.02231378211963802, max_test_CL_un_norm=0.046410828828811646
------------------------- test Omega, avg_test_AL=0, avg_test_CL=4.5120783546785494e-08, max_test_CL=5.1809308843075996e-08
------------------------- test un normalized Omega, avg_test_AL_un_norm=0, avg_test_CL_un_norm=4.5120783546785494e-08, max_test_CL_un_norm=5.1809308843075996e-08
train epoch=37, loader_type='Both', approx_losses.avg=0.18264807718197504, constraint_losses.avg=0.23324037613868714
------------------------- test Main, avg_test_AL=0.022315141381803877, avg_test_CL=0.02231378211963802, max_test_CL=0.046410828828811646
------------------------- test un normalized Main, avg_test_AL_un_norm=0.022315141381803877, avg_test_CL_un_norm=0.02231378211963802, max_test_CL_un_norm=0.046410828828811646
------------------------- test Omega, avg_test_AL=0, avg_test_CL=4.5120783546785494e-08, max_test_CL=5.1809308843075996e-08
------------------------- test un normalized Omega, avg_test_AL_un_norm=0, avg_test_CL_un_norm=4.5120783546785494e-08, max_test_CL_un_norm=5.1809308843075996e-08
train epoch=38, loader_type='Both', approx_losses.avg=0.18264807718197504, constraint_losses.avg=0.23324037613868714
------------------------- test Main, avg_test_AL=0.022315141381803877, avg_test_CL=0.02231378211963802, max_test_CL=0.046410828828811646
------------------------- test un normalized Main, avg_test_AL_un_norm=0.022315141381803877, avg_test_CL_un_norm=0.02231378211963802, max_test_CL_un_norm=0.046410828828811646
------------------------- test Omega, avg_test_AL=0, avg_test_CL=4.5120783546785494e-08, max_test_CL=5.1809308843075996e-08
------------------------- test un normalized Omega, avg_test_AL_un_norm=0, avg_test_CL_un_norm=4.5120783546785494e-08, max_test_CL_un_norm=5.1809308843075996e-08
train epoch=39, loader_type='Both', approx_losses.avg=0.18264807718197504, constraint_losses.avg=0.23324037613868714
------------------------- test Main, avg_test_AL=0.022315141381803877, avg_test_CL=0.02231378211963802, max_test_CL=0.046410828828811646
------------------------- test un normalized Main, avg_test_AL_un_norm=0.022315141381803877, avg_test_CL_un_norm=0.02231378211963802, max_test_CL_un_norm=0.046410828828811646
------------------------- test Omega, avg_test_AL=0, avg_test_CL=4.5120783546785494e-08, max_test_CL=5.1809308843075996e-08
------------------------- test un normalized Omega, avg_test_AL_un_norm=0, avg_test_CL_un_norm=4.5120783546785494e-08, max_test_CL_un_norm=5.1809308843075996e-08
train epoch=40, loader_type='Both', approx_losses.avg=0.18264807718197504, constraint_losses.avg=0.23324037613868714
------------------------- test Main, avg_test_AL=0.022315141381803877, avg_test_CL=0.02231378211963802, max_test_CL=0.046410828828811646
------------------------- test un normalized Main, avg_test_AL_un_norm=0.022315141381803877, avg_test_CL_un_norm=0.02231378211963802, max_test_CL_un_norm=0.046410828828811646
------------------------- test Omega, avg_test_AL=0, avg_test_CL=4.5120783546785494e-08, max_test_CL=5.1809308843075996e-08
------------------------- test un normalized Omega, avg_test_AL_un_norm=0, avg_test_CL_un_norm=4.5120783546785494e-08, max_test_CL_un_norm=5.1809308843075996e-08
train epoch=41, loader_type='Both', approx_losses.avg=0.18264807718197504, constraint_losses.avg=0.23324037613868714
------------------------- test Main, avg_test_AL=0.022315141381803877, avg_test_CL=0.02231378211963802, max_test_CL=0.046410828828811646
------------------------- test un normalized Main, avg_test_AL_un_norm=0.022315141381803877, avg_test_CL_un_norm=0.02231378211963802, max_test_CL_un_norm=0.046410828828811646
------------------------- test Omega, avg_test_AL=0, avg_test_CL=4.5120783546785494e-08, max_test_CL=5.1809308843075996e-08
------------------------- test un normalized Omega, avg_test_AL_un_norm=0, avg_test_CL_un_norm=4.5120783546785494e-08, max_test_CL_un_norm=5.1809308843075996e-08
train epoch=42, loader_type='Both', approx_losses.avg=0.18264807718197504, constraint_losses.avg=0.23324037613868714
------------------------- test Main, avg_test_AL=0.022315141381803877, avg_test_CL=0.02231378211963802, max_test_CL=0.046410828828811646
------------------------- test un normalized Main, avg_test_AL_un_norm=0.022315141381803877, avg_test_CL_un_norm=0.02231378211963802, max_test_CL_un_norm=0.046410828828811646
------------------------- test Omega, avg_test_AL=0, avg_test_CL=4.5120783546785494e-08, max_test_CL=5.1809308843075996e-08
------------------------- test un normalized Omega, avg_test_AL_un_norm=0, avg_test_CL_un_norm=4.5120783546785494e-08, max_test_CL_un_norm=5.1809308843075996e-08
train epoch=43, loader_type='Both', approx_losses.avg=0.18264807718197504, constraint_losses.avg=0.23324037613868714
------------------------- test Main, avg_test_AL=0.022315141381803877, avg_test_CL=0.02231378211963802, max_test_CL=0.046410828828811646
------------------------- test un normalized Main, avg_test_AL_un_norm=0.022315141381803877, avg_test_CL_un_norm=0.02231378211963802, max_test_CL_un_norm=0.046410828828811646
------------------------- test Omega, avg_test_AL=0, avg_test_CL=4.5120783546785494e-08, max_test_CL=5.1809308843075996e-08
------------------------- test un normalized Omega, avg_test_AL_un_norm=0, avg_test_CL_un_norm=4.5120783546785494e-08, max_test_CL_un_norm=5.1809308843075996e-08
train epoch=44, loader_type='Both', approx_losses.avg=0.18264807718197504, constraint_losses.avg=0.23324037613868714
------------------------- test Main, avg_test_AL=0.022315141381803877, avg_test_CL=0.02231378211963802, max_test_CL=0.046410828828811646
------------------------- test un normalized Main, avg_test_AL_un_norm=0.022315141381803877, avg_test_CL_un_norm=0.02231378211963802, max_test_CL_un_norm=0.046410828828811646
------------------------- test Omega, avg_test_AL=0, avg_test_CL=4.5120783546785494e-08, max_test_CL=5.1809308843075996e-08
------------------------- test un normalized Omega, avg_test_AL_un_norm=0, avg_test_CL_un_norm=4.5120783546785494e-08, max_test_CL_un_norm=5.1809308843075996e-08
train epoch=45, loader_type='Both', approx_losses.avg=0.18264807718197504, constraint_losses.avg=0.23324037613868714
------------------------- test Main, avg_test_AL=0.022315141381803877, avg_test_CL=0.02231378211963802, max_test_CL=0.046410828828811646
------------------------- test un normalized Main, avg_test_AL_un_norm=0.022315141381803877, avg_test_CL_un_norm=0.02231378211963802, max_test_CL_un_norm=0.046410828828811646
------------------------- test Omega, avg_test_AL=0, avg_test_CL=4.5120783546785494e-08, max_test_CL=5.1809308843075996e-08
------------------------- test un normalized Omega, avg_test_AL_un_norm=0, avg_test_CL_un_norm=4.5120783546785494e-08, max_test_CL_un_norm=5.1809308843075996e-08
train epoch=46, loader_type='Both', approx_losses.avg=0.18264807718197504, constraint_losses.avg=0.23324037613868714
------------------------- test Main, avg_test_AL=0.022315141381803877, avg_test_CL=0.02231378211963802, max_test_CL=0.046410828828811646
------------------------- test un normalized Main, avg_test_AL_un_norm=0.022315141381803877, avg_test_CL_un_norm=0.02231378211963802, max_test_CL_un_norm=0.046410828828811646
------------------------- test Omega, avg_test_AL=0, avg_test_CL=4.5120783546785494e-08, max_test_CL=5.1809308843075996e-08
------------------------- test un normalized Omega, avg_test_AL_un_norm=0, avg_test_CL_un_norm=4.5120783546785494e-08, max_test_CL_un_norm=5.1809308843075996e-08
train epoch=47, loader_type='Both', approx_losses.avg=0.18264807718197504, constraint_losses.avg=0.23324037613868714
------------------------- test Main, avg_test_AL=0.022315141381803877, avg_test_CL=0.02231378211963802, max_test_CL=0.046410828828811646
------------------------- test un normalized Main, avg_test_AL_un_norm=0.022315141381803877, avg_test_CL_un_norm=0.02231378211963802, max_test_CL_un_norm=0.046410828828811646
------------------------- test Omega, avg_test_AL=0, avg_test_CL=4.5120783546785494e-08, max_test_CL=5.1809308843075996e-08
------------------------- test un normalized Omega, avg_test_AL_un_norm=0, avg_test_CL_un_norm=4.5120783546785494e-08, max_test_CL_un_norm=5.1809308843075996e-08
train epoch=48, loader_type='Both', approx_losses.avg=0.18264807718197504, constraint_losses.avg=0.23324037613868714
------------------------- test Main, avg_test_AL=0.022315141381803877, avg_test_CL=0.02231378211963802, max_test_CL=0.046410828828811646
------------------------- test un normalized Main, avg_test_AL_un_norm=0.022315141381803877, avg_test_CL_un_norm=0.02231378211963802, max_test_CL_un_norm=0.046410828828811646
------------------------- test Omega, avg_test_AL=0, avg_test_CL=4.5120783546785494e-08, max_test_CL=5.1809308843075996e-08
------------------------- test un normalized Omega, avg_test_AL_un_norm=0, avg_test_CL_un_norm=4.5120783546785494e-08, max_test_CL_un_norm=5.1809308843075996e-08
train epoch=49, loader_type='Both', approx_losses.avg=0.18264807718197504, constraint_losses.avg=0.23324037613868714
------------------------- test Main, avg_test_AL=0.022315141381803877, avg_test_CL=0.02231378211963802, max_test_CL=0.046410828828811646
------------------------- test un normalized Main, avg_test_AL_un_norm=0.022315141381803877, avg_test_CL_un_norm=0.02231378211963802, max_test_CL_un_norm=0.046410828828811646
------------------------- test Omega, avg_test_AL=0, avg_test_CL=4.5120783546785494e-08, max_test_CL=5.1809308843075996e-08
------------------------- test un normalized Omega, avg_test_AL_un_norm=0, avg_test_CL_un_norm=4.5120783546785494e-08, max_test_CL_un_norm=5.1809308843075996e-08
train epoch=50, loader_type='Both', approx_losses.avg=0.18264807718197504, constraint_losses.avg=0.23324037613868714
------------------------- test Main, avg_test_AL=0.022315141381803877, avg_test_CL=0.02231378211963802, max_test_CL=0.046410828828811646
------------------------- test un normalized Main, avg_test_AL_un_norm=0.022315141381803877, avg_test_CL_un_norm=0.02231378211963802, max_test_CL_un_norm=0.046410828828811646
------------------------- test Omega, avg_test_AL=0, avg_test_CL=4.5120783546785494e-08, max_test_CL=5.1809308843075996e-08
------------------------- test un normalized Omega, avg_test_AL_un_norm=0, avg_test_CL_un_norm=4.5120783546785494e-08, max_test_CL_un_norm=5.1809308843075996e-08
train epoch=51, loader_type='Both', approx_losses.avg=0.18264807718197504, constraint_losses.avg=0.23324037613868714
------------------------- test Main, avg_test_AL=0.022315141381803877, avg_test_CL=0.02231378211963802, max_test_CL=0.046410828828811646
------------------------- test un normalized Main, avg_test_AL_un_norm=0.022315141381803877, avg_test_CL_un_norm=0.02231378211963802, max_test_CL_un_norm=0.046410828828811646
------------------------- test Omega, avg_test_AL=0, avg_test_CL=4.5120783546785494e-08, max_test_CL=5.1809308843075996e-08
------------------------- test un normalized Omega, avg_test_AL_un_norm=0, avg_test_CL_un_norm=4.5120783546785494e-08, max_test_CL_un_norm=5.1809308843075996e-08
train epoch=52, loader_type='Both', approx_losses.avg=0.18264807718197504, constraint_losses.avg=0.23324037613868714
------------------------- test Main, avg_test_AL=0.022315141381803877, avg_test_CL=0.02231378211963802, max_test_CL=0.046410828828811646
------------------------- test un normalized Main, avg_test_AL_un_norm=0.022315141381803877, avg_test_CL_un_norm=0.02231378211963802, max_test_CL_un_norm=0.046410828828811646
------------------------- test Omega, avg_test_AL=0, avg_test_CL=4.5120783546785494e-08, max_test_CL=5.1809308843075996e-08
------------------------- test un normalized Omega, avg_test_AL_un_norm=0, avg_test_CL_un_norm=4.5120783546785494e-08, max_test_CL_un_norm=5.1809308843075996e-08
train epoch=53, loader_type='Both', approx_losses.avg=0.18264807718197504, constraint_losses.avg=0.23324037613868714
------------------------- test Main, avg_test_AL=0.022315141381803877, avg_test_CL=0.02231378211963802, max_test_CL=0.046410828828811646
------------------------- test un normalized Main, avg_test_AL_un_norm=0.022315141381803877, avg_test_CL_un_norm=0.02231378211963802, max_test_CL_un_norm=0.046410828828811646
------------------------- test Omega, avg_test_AL=0, avg_test_CL=4.5120783546785494e-08, max_test_CL=5.1809308843075996e-08
------------------------- test un normalized Omega, avg_test_AL_un_norm=0, avg_test_CL_un_norm=4.5120783546785494e-08, max_test_CL_un_norm=5.1809308843075996e-08
train epoch=54, loader_type='Both', approx_losses.avg=0.18264807718197504, constraint_losses.avg=0.23324037613868714
------------------------- test Main, avg_test_AL=0.022315141381803877, avg_test_CL=0.02231378211963802, max_test_CL=0.046410828828811646
------------------------- test un normalized Main, avg_test_AL_un_norm=0.022315141381803877, avg_test_CL_un_norm=0.02231378211963802, max_test_CL_un_norm=0.046410828828811646
------------------------- test Omega, avg_test_AL=0, avg_test_CL=4.5120783546785494e-08, max_test_CL=5.1809308843075996e-08
------------------------- test un normalized Omega, avg_test_AL_un_norm=0, avg_test_CL_un_norm=4.5120783546785494e-08, max_test_CL_un_norm=5.1809308843075996e-08
train epoch=55, loader_type='Both', approx_losses.avg=0.18264807718197504, constraint_losses.avg=0.23324037613868714
------------------------- test Main, avg_test_AL=0.022315141381803877, avg_test_CL=0.02231378211963802, max_test_CL=0.046410828828811646
------------------------- test un normalized Main, avg_test_AL_un_norm=0.022315141381803877, avg_test_CL_un_norm=0.02231378211963802, max_test_CL_un_norm=0.046410828828811646
------------------------- test Omega, avg_test_AL=0, avg_test_CL=4.5120783546785494e-08, max_test_CL=5.1809308843075996e-08
------------------------- test un normalized Omega, avg_test_AL_un_norm=0, avg_test_CL_un_norm=4.5120783546785494e-08, max_test_CL_un_norm=5.1809308843075996e-08
train epoch=56, loader_type='Both', approx_losses.avg=0.18264807718197504, constraint_losses.avg=0.23324037613868714
------------------------- test Main, avg_test_AL=0.022315141381803877, avg_test_CL=0.02231378211963802, max_test_CL=0.046410828828811646
------------------------- test un normalized Main, avg_test_AL_un_norm=0.022315141381803877, avg_test_CL_un_norm=0.02231378211963802, max_test_CL_un_norm=0.046410828828811646
------------------------- test Omega, avg_test_AL=0, avg_test_CL=4.5120783546785494e-08, max_test_CL=5.1809308843075996e-08
------------------------- test un normalized Omega, avg_test_AL_un_norm=0, avg_test_CL_un_norm=4.5120783546785494e-08, max_test_CL_un_norm=5.1809308843075996e-08
train epoch=57, loader_type='Both', approx_losses.avg=0.18264807718197504, constraint_losses.avg=0.23324037613868714
------------------------- test Main, avg_test_AL=0.022315141381803877, avg_test_CL=0.02231378211963802, max_test_CL=0.046410828828811646
------------------------- test un normalized Main, avg_test_AL_un_norm=0.022315141381803877, avg_test_CL_un_norm=0.02231378211963802, max_test_CL_un_norm=0.046410828828811646
------------------------- test Omega, avg_test_AL=0, avg_test_CL=4.5120783546785494e-08, max_test_CL=5.1809308843075996e-08
------------------------- test un normalized Omega, avg_test_AL_un_norm=0, avg_test_CL_un_norm=4.5120783546785494e-08, max_test_CL_un_norm=5.1809308843075996e-08
train epoch=58, loader_type='Both', approx_losses.avg=0.18264807718197504, constraint_losses.avg=0.23324037613868714
------------------------- test Main, avg_test_AL=0.022315141381803877, avg_test_CL=0.02231378211963802, max_test_CL=0.046410828828811646
------------------------- test un normalized Main, avg_test_AL_un_norm=0.022315141381803877, avg_test_CL_un_norm=0.02231378211963802, max_test_CL_un_norm=0.046410828828811646
------------------------- test Omega, avg_test_AL=0, avg_test_CL=4.5120783546785494e-08, max_test_CL=5.1809308843075996e-08
------------------------- test un normalized Omega, avg_test_AL_un_norm=0, avg_test_CL_un_norm=4.5120783546785494e-08, max_test_CL_un_norm=5.1809308843075996e-08
train epoch=59, loader_type='Both', approx_losses.avg=0.18264807718197504, constraint_losses.avg=0.23324037613868714
------------------------- test Main, avg_test_AL=0.022315141381803877, avg_test_CL=0.02231378211963802, max_test_CL=0.046410828828811646
------------------------- test un normalized Main, avg_test_AL_un_norm=0.022315141381803877, avg_test_CL_un_norm=0.02231378211963802, max_test_CL_un_norm=0.046410828828811646
------------------------- test Omega, avg_test_AL=0, avg_test_CL=4.5120783546785494e-08, max_test_CL=5.1809308843075996e-08
------------------------- test un normalized Omega, avg_test_AL_un_norm=0, avg_test_CL_un_norm=4.5120783546785494e-08, max_test_CL_un_norm=5.1809308843075996e-08
train epoch=60, loader_type='Both', approx_losses.avg=0.18264807718197504, constraint_losses.avg=0.23324037613868714
------------------------- test Main, avg_test_AL=0.022315141381803877, avg_test_CL=0.02231378211963802, max_test_CL=0.046410828828811646
------------------------- test un normalized Main, avg_test_AL_un_norm=0.022315141381803877, avg_test_CL_un_norm=0.02231378211963802, max_test_CL_un_norm=0.046410828828811646
------------------------- test Omega, avg_test_AL=0, avg_test_CL=4.5120783546785494e-08, max_test_CL=5.1809308843075996e-08
------------------------- test un normalized Omega, avg_test_AL_un_norm=0, avg_test_CL_un_norm=4.5120783546785494e-08, max_test_CL_un_norm=5.1809308843075996e-08
train epoch=61, loader_type='Both', approx_losses.avg=0.18264807718197504, constraint_losses.avg=0.23324037613868714
------------------------- test Main, avg_test_AL=0.022315141381803877, avg_test_CL=0.02231378211963802, max_test_CL=0.046410828828811646
------------------------- test un normalized Main, avg_test_AL_un_norm=0.022315141381803877, avg_test_CL_un_norm=0.02231378211963802, max_test_CL_un_norm=0.046410828828811646
------------------------- test Omega, avg_test_AL=0, avg_test_CL=4.5120783546785494e-08, max_test_CL=5.1809308843075996e-08
------------------------- test un normalized Omega, avg_test_AL_un_norm=0, avg_test_CL_un_norm=4.5120783546785494e-08, max_test_CL_un_norm=5.1809308843075996e-08
train epoch=62, loader_type='Both', approx_losses.avg=0.18264807718197504, constraint_losses.avg=0.23324037613868714
------------------------- test Main, avg_test_AL=0.022315141381803877, avg_test_CL=0.02231378211963802, max_test_CL=0.046410828828811646
------------------------- test un normalized Main, avg_test_AL_un_norm=0.022315141381803877, avg_test_CL_un_norm=0.02231378211963802, max_test_CL_un_norm=0.046410828828811646
------------------------- test Omega, avg_test_AL=0, avg_test_CL=4.5120783546785494e-08, max_test_CL=5.1809308843075996e-08
------------------------- test un normalized Omega, avg_test_AL_un_norm=0, avg_test_CL_un_norm=4.5120783546785494e-08, max_test_CL_un_norm=5.1809308843075996e-08
train epoch=63, loader_type='Both', approx_losses.avg=0.18264807718197504, constraint_losses.avg=0.23324037613868714
------------------------- test Main, avg_test_AL=0.022315141381803877, avg_test_CL=0.02231378211963802, max_test_CL=0.046410828828811646
------------------------- test un normalized Main, avg_test_AL_un_norm=0.022315141381803877, avg_test_CL_un_norm=0.02231378211963802, max_test_CL_un_norm=0.046410828828811646
------------------------- test Omega, avg_test_AL=0, avg_test_CL=4.5120783546785494e-08, max_test_CL=5.1809308843075996e-08
------------------------- test un normalized Omega, avg_test_AL_un_norm=0, avg_test_CL_un_norm=4.5120783546785494e-08, max_test_CL_un_norm=5.1809308843075996e-08
train epoch=64, loader_type='Both', approx_losses.avg=0.18264807718197504, constraint_losses.avg=0.23324037613868714
------------------------- test Main, avg_test_AL=0.022315141381803877, avg_test_CL=0.02231378211963802, max_test_CL=0.046410828828811646
------------------------- test un normalized Main, avg_test_AL_un_norm=0.022315141381803877, avg_test_CL_un_norm=0.02231378211963802, max_test_CL_un_norm=0.046410828828811646
------------------------- test Omega, avg_test_AL=0, avg_test_CL=4.5120783546785494e-08, max_test_CL=5.1809308843075996e-08
------------------------- test un normalized Omega, avg_test_AL_un_norm=0, avg_test_CL_un_norm=4.5120783546785494e-08, max_test_CL_un_norm=5.1809308843075996e-08
train epoch=65, loader_type='Both', approx_losses.avg=0.18264807718197504, constraint_losses.avg=0.23324037613868714
------------------------- test Main, avg_test_AL=0.022315141381803877, avg_test_CL=0.02231378211963802, max_test_CL=0.046410828828811646
------------------------- test un normalized Main, avg_test_AL_un_norm=0.022315141381803877, avg_test_CL_un_norm=0.02231378211963802, max_test_CL_un_norm=0.046410828828811646
------------------------- test Omega, avg_test_AL=0, avg_test_CL=4.5120783546785494e-08, max_test_CL=5.1809308843075996e-08
------------------------- test un normalized Omega, avg_test_AL_un_norm=0, avg_test_CL_un_norm=4.5120783546785494e-08, max_test_CL_un_norm=5.1809308843075996e-08
train epoch=66, loader_type='Both', approx_losses.avg=0.18264807718197504, constraint_losses.avg=0.23324037613868714
------------------------- test Main, avg_test_AL=0.022315141381803877, avg_test_CL=0.02231378211963802, max_test_CL=0.046410828828811646
------------------------- test un normalized Main, avg_test_AL_un_norm=0.022315141381803877, avg_test_CL_un_norm=0.02231378211963802, max_test_CL_un_norm=0.046410828828811646
------------------------- test Omega, avg_test_AL=0, avg_test_CL=4.5120783546785494e-08, max_test_CL=5.1809308843075996e-08
------------------------- test un normalized Omega, avg_test_AL_un_norm=0, avg_test_CL_un_norm=4.5120783546785494e-08, max_test_CL_un_norm=5.1809308843075996e-08
train epoch=67, loader_type='Both', approx_losses.avg=0.18264807718197504, constraint_losses.avg=0.23324037613868714
------------------------- test Main, avg_test_AL=0.022315141381803877, avg_test_CL=0.02231378211963802, max_test_CL=0.046410828828811646
------------------------- test un normalized Main, avg_test_AL_un_norm=0.022315141381803877, avg_test_CL_un_norm=0.02231378211963802, max_test_CL_un_norm=0.046410828828811646
------------------------- test Omega, avg_test_AL=0, avg_test_CL=4.5120783546785494e-08, max_test_CL=5.1809308843075996e-08
------------------------- test un normalized Omega, avg_test_AL_un_norm=0, avg_test_CL_un_norm=4.5120783546785494e-08, max_test_CL_un_norm=5.1809308843075996e-08
train epoch=68, loader_type='Both', approx_losses.avg=0.18264807718197504, constraint_losses.avg=0.23324037613868714
------------------------- test Main, avg_test_AL=0.022315141381803877, avg_test_CL=0.02231378211963802, max_test_CL=0.046410828828811646
------------------------- test un normalized Main, avg_test_AL_un_norm=0.022315141381803877, avg_test_CL_un_norm=0.02231378211963802, max_test_CL_un_norm=0.046410828828811646
------------------------- test Omega, avg_test_AL=0, avg_test_CL=4.5120783546785494e-08, max_test_CL=5.1809308843075996e-08
------------------------- test un normalized Omega, avg_test_AL_un_norm=0, avg_test_CL_un_norm=4.5120783546785494e-08, max_test_CL_un_norm=5.1809308843075996e-08
train epoch=69, loader_type='Both', approx_losses.avg=0.18264807718197504, constraint_losses.avg=0.23324037613868714
------------------------- test Main, avg_test_AL=0.022315141381803877, avg_test_CL=0.02231378211963802, max_test_CL=0.046410828828811646
------------------------- test un normalized Main, avg_test_AL_un_norm=0.022315141381803877, avg_test_CL_un_norm=0.02231378211963802, max_test_CL_un_norm=0.046410828828811646
------------------------- test Omega, avg_test_AL=0, avg_test_CL=4.5120783546785494e-08, max_test_CL=5.1809308843075996e-08
------------------------- test un normalized Omega, avg_test_AL_un_norm=0, avg_test_CL_un_norm=4.5120783546785494e-08, max_test_CL_un_norm=5.1809308843075996e-08
train epoch=70, loader_type='Both', approx_losses.avg=0.18264807718197504, constraint_losses.avg=0.23324037613868714
------------------------- test Main, avg_test_AL=0.022315141381803877, avg_test_CL=0.02231378211963802, max_test_CL=0.046410828828811646
------------------------- test un normalized Main, avg_test_AL_un_norm=0.022315141381803877, avg_test_CL_un_norm=0.02231378211963802, max_test_CL_un_norm=0.046410828828811646
------------------------- test Omega, avg_test_AL=0, avg_test_CL=4.5120783546785494e-08, max_test_CL=5.1809308843075996e-08
------------------------- test un normalized Omega, avg_test_AL_un_norm=0, avg_test_CL_un_norm=4.5120783546785494e-08, max_test_CL_un_norm=5.1809308843075996e-08
train epoch=71, loader_type='Both', approx_losses.avg=0.18264807718197504, constraint_losses.avg=0.23324037613868714
------------------------- test Main, avg_test_AL=0.022315141381803877, avg_test_CL=0.02231378211963802, max_test_CL=0.046410828828811646
------------------------- test un normalized Main, avg_test_AL_un_norm=0.022315141381803877, avg_test_CL_un_norm=0.02231378211963802, max_test_CL_un_norm=0.046410828828811646
------------------------- test Omega, avg_test_AL=0, avg_test_CL=4.5120783546785494e-08, max_test_CL=5.1809308843075996e-08
------------------------- test un normalized Omega, avg_test_AL_un_norm=0, avg_test_CL_un_norm=4.5120783546785494e-08, max_test_CL_un_norm=5.1809308843075996e-08
train epoch=72, loader_type='Both', approx_losses.avg=0.18264807718197504, constraint_losses.avg=0.23324037613868714
------------------------- test Main, avg_test_AL=0.022315141381803877, avg_test_CL=0.02231378211963802, max_test_CL=0.046410828828811646
------------------------- test un normalized Main, avg_test_AL_un_norm=0.022315141381803877, avg_test_CL_un_norm=0.02231378211963802, max_test_CL_un_norm=0.046410828828811646
------------------------- test Omega, avg_test_AL=0, avg_test_CL=4.5120783546785494e-08, max_test_CL=5.1809308843075996e-08
------------------------- test un normalized Omega, avg_test_AL_un_norm=0, avg_test_CL_un_norm=4.5120783546785494e-08, max_test_CL_un_norm=5.1809308843075996e-08
train epoch=73, loader_type='Both', approx_losses.avg=0.18264807718197504, constraint_losses.avg=0.23324037613868714
------------------------- test Main, avg_test_AL=0.022315141381803877, avg_test_CL=0.02231378211963802, max_test_CL=0.046410828828811646
------------------------- test un normalized Main, avg_test_AL_un_norm=0.022315141381803877, avg_test_CL_un_norm=0.02231378211963802, max_test_CL_un_norm=0.046410828828811646
------------------------- test Omega, avg_test_AL=0, avg_test_CL=4.5120783546785494e-08, max_test_CL=5.1809308843075996e-08
------------------------- test un normalized Omega, avg_test_AL_un_norm=0, avg_test_CL_un_norm=4.5120783546785494e-08, max_test_CL_un_norm=5.1809308843075996e-08
train epoch=74, loader_type='Both', approx_losses.avg=0.18264807718197504, constraint_losses.avg=0.23324037613868714
------------------------- test Main, avg_test_AL=0.022315141381803877, avg_test_CL=0.02231378211963802, max_test_CL=0.046410828828811646
------------------------- test un normalized Main, avg_test_AL_un_norm=0.022315141381803877, avg_test_CL_un_norm=0.02231378211963802, max_test_CL_un_norm=0.046410828828811646
------------------------- test Omega, avg_test_AL=0, avg_test_CL=4.5120783546785494e-08, max_test_CL=5.1809308843075996e-08
------------------------- test un normalized Omega, avg_test_AL_un_norm=0, avg_test_CL_un_norm=4.5120783546785494e-08, max_test_CL_un_norm=5.1809308843075996e-08
train epoch=75, loader_type='Both', approx_losses.avg=0.18264807718197504, constraint_losses.avg=0.23324037613868714
------------------------- test Main, avg_test_AL=0.022315141381803877, avg_test_CL=0.02231378211963802, max_test_CL=0.046410828828811646
------------------------- test un normalized Main, avg_test_AL_un_norm=0.022315141381803877, avg_test_CL_un_norm=0.02231378211963802, max_test_CL_un_norm=0.046410828828811646
------------------------- test Omega, avg_test_AL=0, avg_test_CL=4.5120783546785494e-08, max_test_CL=5.1809308843075996e-08
------------------------- test un normalized Omega, avg_test_AL_un_norm=0, avg_test_CL_un_norm=4.5120783546785494e-08, max_test_CL_un_norm=5.1809308843075996e-08
train epoch=76, loader_type='Both', approx_losses.avg=0.18264807718197504, constraint_losses.avg=0.23324037613868714
------------------------- test Main, avg_test_AL=0.022315141381803877, avg_test_CL=0.02231378211963802, max_test_CL=0.046410828828811646
------------------------- test un normalized Main, avg_test_AL_un_norm=0.022315141381803877, avg_test_CL_un_norm=0.02231378211963802, max_test_CL_un_norm=0.046410828828811646
------------------------- test Omega, avg_test_AL=0, avg_test_CL=4.5120783546785494e-08, max_test_CL=5.1809308843075996e-08
------------------------- test un normalized Omega, avg_test_AL_un_norm=0, avg_test_CL_un_norm=4.5120783546785494e-08, max_test_CL_un_norm=5.1809308843075996e-08
train epoch=77, loader_type='Both', approx_losses.avg=0.18264807718197504, constraint_losses.avg=0.23324037613868714
------------------------- test Main, avg_test_AL=0.022315141381803877, avg_test_CL=0.02231378211963802, max_test_CL=0.046410828828811646
------------------------- test un normalized Main, avg_test_AL_un_norm=0.022315141381803877, avg_test_CL_un_norm=0.02231378211963802, max_test_CL_un_norm=0.046410828828811646
------------------------- test Omega, avg_test_AL=0, avg_test_CL=4.5120783546785494e-08, max_test_CL=5.1809308843075996e-08
------------------------- test un normalized Omega, avg_test_AL_un_norm=0, avg_test_CL_un_norm=4.5120783546785494e-08, max_test_CL_un_norm=5.1809308843075996e-08
train epoch=78, loader_type='Both', approx_losses.avg=0.18264807718197504, constraint_losses.avg=0.23324037613868714
------------------------- test Main, avg_test_AL=0.022315141381803877, avg_test_CL=0.02231378211963802, max_test_CL=0.046410828828811646
------------------------- test un normalized Main, avg_test_AL_un_norm=0.022315141381803877, avg_test_CL_un_norm=0.02231378211963802, max_test_CL_un_norm=0.046410828828811646
------------------------- test Omega, avg_test_AL=0, avg_test_CL=4.5120783546785494e-08, max_test_CL=5.1809308843075996e-08
------------------------- test un normalized Omega, avg_test_AL_un_norm=0, avg_test_CL_un_norm=4.5120783546785494e-08, max_test_CL_un_norm=5.1809308843075996e-08
train epoch=79, loader_type='Both', approx_losses.avg=0.18264807718197504, constraint_losses.avg=0.23324037613868714
------------------------- test Main, avg_test_AL=0.022315141381803877, avg_test_CL=0.02231378211963802, max_test_CL=0.046410828828811646
------------------------- test un normalized Main, avg_test_AL_un_norm=0.022315141381803877, avg_test_CL_un_norm=0.02231378211963802, max_test_CL_un_norm=0.046410828828811646
------------------------- test Omega, avg_test_AL=0, avg_test_CL=4.5120783546785494e-08, max_test_CL=5.1809308843075996e-08
------------------------- test un normalized Omega, avg_test_AL_un_norm=0, avg_test_CL_un_norm=4.5120783546785494e-08, max_test_CL_un_norm=5.1809308843075996e-08
train epoch=80, loader_type='Both', approx_losses.avg=0.18264807718197504, constraint_losses.avg=0.23324037613868714
------------------------- test Main, avg_test_AL=0.022315141381803877, avg_test_CL=0.02231378211963802, max_test_CL=0.046410828828811646
------------------------- test un normalized Main, avg_test_AL_un_norm=0.022315141381803877, avg_test_CL_un_norm=0.02231378211963802, max_test_CL_un_norm=0.046410828828811646
------------------------- test Omega, avg_test_AL=0, avg_test_CL=4.5120783546785494e-08, max_test_CL=5.1809308843075996e-08
------------------------- test un normalized Omega, avg_test_AL_un_norm=0, avg_test_CL_un_norm=4.5120783546785494e-08, max_test_CL_un_norm=5.1809308843075996e-08
train epoch=81, loader_type='Both', approx_losses.avg=0.18264807718197504, constraint_losses.avg=0.23324037613868714
------------------------- test Main, avg_test_AL=0.022315141381803877, avg_test_CL=0.02231378211963802, max_test_CL=0.046410828828811646
------------------------- test un normalized Main, avg_test_AL_un_norm=0.022315141381803877, avg_test_CL_un_norm=0.02231378211963802, max_test_CL_un_norm=0.046410828828811646
------------------------- test Omega, avg_test_AL=0, avg_test_CL=4.5120783546785494e-08, max_test_CL=5.1809308843075996e-08
------------------------- test un normalized Omega, avg_test_AL_un_norm=0, avg_test_CL_un_norm=4.5120783546785494e-08, max_test_CL_un_norm=5.1809308843075996e-08
train epoch=82, loader_type='Both', approx_losses.avg=0.18264807718197504, constraint_losses.avg=0.23324037613868714
------------------------- test Main, avg_test_AL=0.022315141381803877, avg_test_CL=0.02231378211963802, max_test_CL=0.046410828828811646
------------------------- test un normalized Main, avg_test_AL_un_norm=0.022315141381803877, avg_test_CL_un_norm=0.02231378211963802, max_test_CL_un_norm=0.046410828828811646
------------------------- test Omega, avg_test_AL=0, avg_test_CL=4.5120783546785494e-08, max_test_CL=5.1809308843075996e-08
------------------------- test un normalized Omega, avg_test_AL_un_norm=0, avg_test_CL_un_norm=4.5120783546785494e-08, max_test_CL_un_norm=5.1809308843075996e-08
train epoch=83, loader_type='Both', approx_losses.avg=0.18264807718197504, constraint_losses.avg=0.23324037613868714
------------------------- test Main, avg_test_AL=0.022315141381803877, avg_test_CL=0.02231378211963802, max_test_CL=0.046410828828811646
------------------------- test un normalized Main, avg_test_AL_un_norm=0.022315141381803877, avg_test_CL_un_norm=0.02231378211963802, max_test_CL_un_norm=0.046410828828811646
------------------------- test Omega, avg_test_AL=0, avg_test_CL=4.5120783546785494e-08, max_test_CL=5.1809308843075996e-08
------------------------- test un normalized Omega, avg_test_AL_un_norm=0, avg_test_CL_un_norm=4.5120783546785494e-08, max_test_CL_un_norm=5.1809308843075996e-08
train epoch=84, loader_type='Both', approx_losses.avg=0.18264807718197504, constraint_losses.avg=0.23324037613868714
------------------------- test Main, avg_test_AL=0.022315141381803877, avg_test_CL=0.02231378211963802, max_test_CL=0.046410828828811646
------------------------- test un normalized Main, avg_test_AL_un_norm=0.022315141381803877, avg_test_CL_un_norm=0.02231378211963802, max_test_CL_un_norm=0.046410828828811646
------------------------- test Omega, avg_test_AL=0, avg_test_CL=4.5120783546785494e-08, max_test_CL=5.1809308843075996e-08
------------------------- test un normalized Omega, avg_test_AL_un_norm=0, avg_test_CL_un_norm=4.5120783546785494e-08, max_test_CL_un_norm=5.1809308843075996e-08
train epoch=85, loader_type='Both', approx_losses.avg=0.18264807718197504, constraint_losses.avg=0.23324037613868714
------------------------- test Main, avg_test_AL=0.022315141381803877, avg_test_CL=0.02231378211963802, max_test_CL=0.046410828828811646
------------------------- test un normalized Main, avg_test_AL_un_norm=0.022315141381803877, avg_test_CL_un_norm=0.02231378211963802, max_test_CL_un_norm=0.046410828828811646
------------------------- test Omega, avg_test_AL=0, avg_test_CL=4.5120783546785494e-08, max_test_CL=5.1809308843075996e-08
------------------------- test un normalized Omega, avg_test_AL_un_norm=0, avg_test_CL_un_norm=4.5120783546785494e-08, max_test_CL_un_norm=5.1809308843075996e-08
train epoch=86, loader_type='Both', approx_losses.avg=0.18264807718197504, constraint_losses.avg=0.23324037613868714
------------------------- test Main, avg_test_AL=0.022315141381803877, avg_test_CL=0.02231378211963802, max_test_CL=0.046410828828811646
------------------------- test un normalized Main, avg_test_AL_un_norm=0.022315141381803877, avg_test_CL_un_norm=0.02231378211963802, max_test_CL_un_norm=0.046410828828811646
------------------------- test Omega, avg_test_AL=0, avg_test_CL=4.5120783546785494e-08, max_test_CL=5.1809308843075996e-08
------------------------- test un normalized Omega, avg_test_AL_un_norm=0, avg_test_CL_un_norm=4.5120783546785494e-08, max_test_CL_un_norm=5.1809308843075996e-08
train epoch=87, loader_type='Both', approx_losses.avg=0.18264807718197504, constraint_losses.avg=0.23324037613868714
------------------------- test Main, avg_test_AL=0.022315141381803877, avg_test_CL=0.02231378211963802, max_test_CL=0.046410828828811646
------------------------- test un normalized Main, avg_test_AL_un_norm=0.022315141381803877, avg_test_CL_un_norm=0.02231378211963802, max_test_CL_un_norm=0.046410828828811646
------------------------- test Omega, avg_test_AL=0, avg_test_CL=4.5120783546785494e-08, max_test_CL=5.1809308843075996e-08
------------------------- test un normalized Omega, avg_test_AL_un_norm=0, avg_test_CL_un_norm=4.5120783546785494e-08, max_test_CL_un_norm=5.1809308843075996e-08
train epoch=88, loader_type='Both', approx_losses.avg=0.18264807718197504, constraint_losses.avg=0.23324037613868714
------------------------- test Main, avg_test_AL=0.022315141381803877, avg_test_CL=0.02231378211963802, max_test_CL=0.046410828828811646
------------------------- test un normalized Main, avg_test_AL_un_norm=0.022315141381803877, avg_test_CL_un_norm=0.02231378211963802, max_test_CL_un_norm=0.046410828828811646
------------------------- test Omega, avg_test_AL=0, avg_test_CL=4.5120783546785494e-08, max_test_CL=5.1809308843075996e-08
------------------------- test un normalized Omega, avg_test_AL_un_norm=0, avg_test_CL_un_norm=4.5120783546785494e-08, max_test_CL_un_norm=5.1809308843075996e-08
train epoch=89, loader_type='Both', approx_losses.avg=0.18264807718197504, constraint_losses.avg=0.23324037613868714
------------------------- test Main, avg_test_AL=0.022315141381803877, avg_test_CL=0.02231378211963802, max_test_CL=0.046410828828811646
------------------------- test un normalized Main, avg_test_AL_un_norm=0.022315141381803877, avg_test_CL_un_norm=0.02231378211963802, max_test_CL_un_norm=0.046410828828811646
------------------------- test Omega, avg_test_AL=0, avg_test_CL=4.5120783546785494e-08, max_test_CL=5.1809308843075996e-08
------------------------- test un normalized Omega, avg_test_AL_un_norm=0, avg_test_CL_un_norm=4.5120783546785494e-08, max_test_CL_un_norm=5.1809308843075996e-08
train epoch=90, loader_type='Both', approx_losses.avg=0.18264807718197504, constraint_losses.avg=0.23324037613868714
------------------------- test Main, avg_test_AL=0.022315141381803877, avg_test_CL=0.02231378211963802, max_test_CL=0.046410828828811646
------------------------- test un normalized Main, avg_test_AL_un_norm=0.022315141381803877, avg_test_CL_un_norm=0.02231378211963802, max_test_CL_un_norm=0.046410828828811646
------------------------- test Omega, avg_test_AL=0, avg_test_CL=4.5120783546785494e-08, max_test_CL=5.1809308843075996e-08
------------------------- test un normalized Omega, avg_test_AL_un_norm=0, avg_test_CL_un_norm=4.5120783546785494e-08, max_test_CL_un_norm=5.1809308843075996e-08
train epoch=91, loader_type='Both', approx_losses.avg=0.18264807718197504, constraint_losses.avg=0.23324037613868714
------------------------- test Main, avg_test_AL=0.022315141381803877, avg_test_CL=0.02231378211963802, max_test_CL=0.046410828828811646
------------------------- test un normalized Main, avg_test_AL_un_norm=0.022315141381803877, avg_test_CL_un_norm=0.02231378211963802, max_test_CL_un_norm=0.046410828828811646
------------------------- test Omega, avg_test_AL=0, avg_test_CL=4.5120783546785494e-08, max_test_CL=5.1809308843075996e-08
------------------------- test un normalized Omega, avg_test_AL_un_norm=0, avg_test_CL_un_norm=4.5120783546785494e-08, max_test_CL_un_norm=5.1809308843075996e-08
train epoch=92, loader_type='Both', approx_losses.avg=0.18264807718197504, constraint_losses.avg=0.23324037613868714
------------------------- test Main, avg_test_AL=0.022315141381803877, avg_test_CL=0.02231378211963802, max_test_CL=0.046410828828811646
------------------------- test un normalized Main, avg_test_AL_un_norm=0.022315141381803877, avg_test_CL_un_norm=0.02231378211963802, max_test_CL_un_norm=0.046410828828811646
------------------------- test Omega, avg_test_AL=0, avg_test_CL=4.5120783546785494e-08, max_test_CL=5.1809308843075996e-08
------------------------- test un normalized Omega, avg_test_AL_un_norm=0, avg_test_CL_un_norm=4.5120783546785494e-08, max_test_CL_un_norm=5.1809308843075996e-08
train epoch=93, loader_type='Both', approx_losses.avg=0.18264807718197504, constraint_losses.avg=0.23324037613868714
------------------------- test Main, avg_test_AL=0.022315141381803877, avg_test_CL=0.02231378211963802, max_test_CL=0.046410828828811646
------------------------- test un normalized Main, avg_test_AL_un_norm=0.022315141381803877, avg_test_CL_un_norm=0.02231378211963802, max_test_CL_un_norm=0.046410828828811646
------------------------- test Omega, avg_test_AL=0, avg_test_CL=4.5120783546785494e-08, max_test_CL=5.1809308843075996e-08
------------------------- test un normalized Omega, avg_test_AL_un_norm=0, avg_test_CL_un_norm=4.5120783546785494e-08, max_test_CL_un_norm=5.1809308843075996e-08
train epoch=94, loader_type='Both', approx_losses.avg=0.18264807718197504, constraint_losses.avg=0.23324037613868714
------------------------- test Main, avg_test_AL=0.022315141381803877, avg_test_CL=0.02231378211963802, max_test_CL=0.046410828828811646
------------------------- test un normalized Main, avg_test_AL_un_norm=0.022315141381803877, avg_test_CL_un_norm=0.02231378211963802, max_test_CL_un_norm=0.046410828828811646
------------------------- test Omega, avg_test_AL=0, avg_test_CL=4.5120783546785494e-08, max_test_CL=5.1809308843075996e-08
------------------------- test un normalized Omega, avg_test_AL_un_norm=0, avg_test_CL_un_norm=4.5120783546785494e-08, max_test_CL_un_norm=5.1809308843075996e-08
train epoch=95, loader_type='Both', approx_losses.avg=0.18264807718197504, constraint_losses.avg=0.23324037613868714
------------------------- test Main, avg_test_AL=0.022315141381803877, avg_test_CL=0.02231378211963802, max_test_CL=0.046410828828811646
------------------------- test un normalized Main, avg_test_AL_un_norm=0.022315141381803877, avg_test_CL_un_norm=0.02231378211963802, max_test_CL_un_norm=0.046410828828811646
------------------------- test Omega, avg_test_AL=0, avg_test_CL=4.5120783546785494e-08, max_test_CL=5.1809308843075996e-08
------------------------- test un normalized Omega, avg_test_AL_un_norm=0, avg_test_CL_un_norm=4.5120783546785494e-08, max_test_CL_un_norm=5.1809308843075996e-08
train epoch=96, loader_type='Both', approx_losses.avg=0.18264807718197504, constraint_losses.avg=0.23324037613868714
------------------------- test Main, avg_test_AL=0.022315141381803877, avg_test_CL=0.02231378211963802, max_test_CL=0.046410828828811646
------------------------- test un normalized Main, avg_test_AL_un_norm=0.022315141381803877, avg_test_CL_un_norm=0.02231378211963802, max_test_CL_un_norm=0.046410828828811646
------------------------- test Omega, avg_test_AL=0, avg_test_CL=4.5120783546785494e-08, max_test_CL=5.1809308843075996e-08
------------------------- test un normalized Omega, avg_test_AL_un_norm=0, avg_test_CL_un_norm=4.5120783546785494e-08, max_test_CL_un_norm=5.1809308843075996e-08
train epoch=97, loader_type='Both', approx_losses.avg=0.18264807718197504, constraint_losses.avg=0.23324037613868714
------------------------- test Main, avg_test_AL=0.022315141381803877, avg_test_CL=0.02231378211963802, max_test_CL=0.046410828828811646
------------------------- test un normalized Main, avg_test_AL_un_norm=0.022315141381803877, avg_test_CL_un_norm=0.02231378211963802, max_test_CL_un_norm=0.046410828828811646
------------------------- test Omega, avg_test_AL=0, avg_test_CL=4.5120783546785494e-08, max_test_CL=5.1809308843075996e-08
------------------------- test un normalized Omega, avg_test_AL_un_norm=0, avg_test_CL_un_norm=4.5120783546785494e-08, max_test_CL_un_norm=5.1809308843075996e-08
train epoch=98, loader_type='Both', approx_losses.avg=0.18264807718197504, constraint_losses.avg=0.23324037613868714
------------------------- test Main, avg_test_AL=0.022315141381803877, avg_test_CL=0.02231378211963802, max_test_CL=0.046410828828811646
------------------------- test un normalized Main, avg_test_AL_un_norm=0.022315141381803877, avg_test_CL_un_norm=0.02231378211963802, max_test_CL_un_norm=0.046410828828811646
------------------------- test Omega, avg_test_AL=0, avg_test_CL=4.5120783546785494e-08, max_test_CL=5.1809308843075996e-08
------------------------- test un normalized Omega, avg_test_AL_un_norm=0, avg_test_CL_un_norm=4.5120783546785494e-08, max_test_CL_un_norm=5.1809308843075996e-08
train epoch=99, loader_type='Both', approx_losses.avg=0.18264807718197504, constraint_losses.avg=0.23324037613868714
------------------------- test Main, avg_test_AL=0.022315141381803877, avg_test_CL=0.02231378211963802, max_test_CL=0.046410828828811646
------------------------- test un normalized Main, avg_test_AL_un_norm=0.022315141381803877, avg_test_CL_un_norm=0.02231378211963802, max_test_CL_un_norm=0.046410828828811646
------------------------- test Omega, avg_test_AL=0, avg_test_CL=4.5120783546785494e-08, max_test_CL=5.1809308843075996e-08
------------------------- test un normalized Omega, avg_test_AL_un_norm=0, avg_test_CL_un_norm=4.5120783546785494e-08, max_test_CL_un_norm=5.1809308843075996e-08
train epoch=100, loader_type='Both', approx_losses.avg=0.18264807718197504, constraint_losses.avg=0.23324037613868714
------------------------- test Main, avg_test_AL=0.022315141381803877, avg_test_CL=0.02231378211963802, max_test_CL=0.046410828828811646
------------------------- test un normalized Main, avg_test_AL_un_norm=0.022315141381803877, avg_test_CL_un_norm=0.02231378211963802, max_test_CL_un_norm=0.046410828828811646
------------------------- test Omega, avg_test_AL=0, avg_test_CL=4.5120783546785494e-08, max_test_CL=5.1809308843075996e-08
------------------------- test un normalized Omega, avg_test_AL_un_norm=0, avg_test_CL_un_norm=4.5120783546785494e-08, max_test_CL_un_norm=5.1809308843075996e-08
train epoch=101, loader_type='Both', approx_losses.avg=0.18264807718197504, constraint_losses.avg=0.23324037613868714
------------------------- test Main, avg_test_AL=0.022315141381803877, avg_test_CL=0.02231378211963802, max_test_CL=0.046410828828811646
------------------------- test un normalized Main, avg_test_AL_un_norm=0.022315141381803877, avg_test_CL_un_norm=0.02231378211963802, max_test_CL_un_norm=0.046410828828811646
------------------------- test Omega, avg_test_AL=0, avg_test_CL=4.5120783546785494e-08, max_test_CL=5.1809308843075996e-08
------------------------- test un normalized Omega, avg_test_AL_un_norm=0, avg_test_CL_un_norm=4.5120783546785494e-08, max_test_CL_un_norm=5.1809308843075996e-08
train epoch=102, loader_type='Both', approx_losses.avg=0.18264807718197504, constraint_losses.avg=0.23324037613868714
------------------------- test Main, avg_test_AL=0.022315141381803877, avg_test_CL=0.02231378211963802, max_test_CL=0.046410828828811646
------------------------- test un normalized Main, avg_test_AL_un_norm=0.022315141381803877, avg_test_CL_un_norm=0.02231378211963802, max_test_CL_un_norm=0.046410828828811646
------------------------- test Omega, avg_test_AL=0, avg_test_CL=4.5120783546785494e-08, max_test_CL=5.1809308843075996e-08
------------------------- test un normalized Omega, avg_test_AL_un_norm=0, avg_test_CL_un_norm=4.5120783546785494e-08, max_test_CL_un_norm=5.1809308843075996e-08
train epoch=103, loader_type='Both', approx_losses.avg=0.18264807718197504, constraint_losses.avg=0.23324037613868714
------------------------- test Main, avg_test_AL=0.022315141381803877, avg_test_CL=0.02231378211963802, max_test_CL=0.046410828828811646
------------------------- test un normalized Main, avg_test_AL_un_norm=0.022315141381803877, avg_test_CL_un_norm=0.02231378211963802, max_test_CL_un_norm=0.046410828828811646
------------------------- test Omega, avg_test_AL=0, avg_test_CL=4.5120783546785494e-08, max_test_CL=5.1809308843075996e-08
------------------------- test un normalized Omega, avg_test_AL_un_norm=0, avg_test_CL_un_norm=4.5120783546785494e-08, max_test_CL_un_norm=5.1809308843075996e-08
train epoch=104, loader_type='Both', approx_losses.avg=0.18264807718197504, constraint_losses.avg=0.23324037613868714
------------------------- test Main, avg_test_AL=0.022315141381803877, avg_test_CL=0.02231378211963802, max_test_CL=0.046410828828811646
------------------------- test un normalized Main, avg_test_AL_un_norm=0.022315141381803877, avg_test_CL_un_norm=0.02231378211963802, max_test_CL_un_norm=0.046410828828811646
------------------------- test Omega, avg_test_AL=0, avg_test_CL=4.5120783546785494e-08, max_test_CL=5.1809308843075996e-08
------------------------- test un normalized Omega, avg_test_AL_un_norm=0, avg_test_CL_un_norm=4.5120783546785494e-08, max_test_CL_un_norm=5.1809308843075996e-08
train epoch=105, loader_type='Both', approx_losses.avg=0.18264807718197504, constraint_losses.avg=0.23324037613868714
------------------------- test Main, avg_test_AL=0.022315141381803877, avg_test_CL=0.02231378211963802, max_test_CL=0.046410828828811646
------------------------- test un normalized Main, avg_test_AL_un_norm=0.022315141381803877, avg_test_CL_un_norm=0.02231378211963802, max_test_CL_un_norm=0.046410828828811646
------------------------- test Omega, avg_test_AL=0, avg_test_CL=4.5120783546785494e-08, max_test_CL=5.1809308843075996e-08
------------------------- test un normalized Omega, avg_test_AL_un_norm=0, avg_test_CL_un_norm=4.5120783546785494e-08, max_test_CL_un_norm=5.1809308843075996e-08
train epoch=106, loader_type='Both', approx_losses.avg=0.18264807718197504, constraint_losses.avg=0.23324037613868714
------------------------- test Main, avg_test_AL=0.022315141381803877, avg_test_CL=0.02231378211963802, max_test_CL=0.046410828828811646
------------------------- test un normalized Main, avg_test_AL_un_norm=0.022315141381803877, avg_test_CL_un_norm=0.02231378211963802, max_test_CL_un_norm=0.046410828828811646
------------------------- test Omega, avg_test_AL=0, avg_test_CL=4.5120783546785494e-08, max_test_CL=5.1809308843075996e-08
------------------------- test un normalized Omega, avg_test_AL_un_norm=0, avg_test_CL_un_norm=4.5120783546785494e-08, max_test_CL_un_norm=5.1809308843075996e-08
train epoch=107, loader_type='Both', approx_losses.avg=0.18264807718197504, constraint_losses.avg=0.23324037613868714
------------------------- test Main, avg_test_AL=0.022315141381803877, avg_test_CL=0.02231378211963802, max_test_CL=0.046410828828811646
------------------------- test un normalized Main, avg_test_AL_un_norm=0.022315141381803877, avg_test_CL_un_norm=0.02231378211963802, max_test_CL_un_norm=0.046410828828811646
------------------------- test Omega, avg_test_AL=0, avg_test_CL=4.5120783546785494e-08, max_test_CL=5.1809308843075996e-08
------------------------- test un normalized Omega, avg_test_AL_un_norm=0, avg_test_CL_un_norm=4.5120783546785494e-08, max_test_CL_un_norm=5.1809308843075996e-08
train epoch=108, loader_type='Both', approx_losses.avg=0.18264807718197504, constraint_losses.avg=0.23324037613868714
------------------------- test Main, avg_test_AL=0.022315141381803877, avg_test_CL=0.02231378211963802, max_test_CL=0.046410828828811646
------------------------- test un normalized Main, avg_test_AL_un_norm=0.022315141381803877, avg_test_CL_un_norm=0.02231378211963802, max_test_CL_un_norm=0.046410828828811646
------------------------- test Omega, avg_test_AL=0, avg_test_CL=4.5120783546785494e-08, max_test_CL=5.1809308843075996e-08
------------------------- test un normalized Omega, avg_test_AL_un_norm=0, avg_test_CL_un_norm=4.5120783546785494e-08, max_test_CL_un_norm=5.1809308843075996e-08
train epoch=109, loader_type='Both', approx_losses.avg=0.18264807718197504, constraint_losses.avg=0.23324037613868714
------------------------- test Main, avg_test_AL=0.022315141381803877, avg_test_CL=0.02231378211963802, max_test_CL=0.046410828828811646
------------------------- test un normalized Main, avg_test_AL_un_norm=0.022315141381803877, avg_test_CL_un_norm=0.02231378211963802, max_test_CL_un_norm=0.046410828828811646
------------------------- test Omega, avg_test_AL=0, avg_test_CL=4.5120783546785494e-08, max_test_CL=5.1809308843075996e-08
------------------------- test un normalized Omega, avg_test_AL_un_norm=0, avg_test_CL_un_norm=4.5120783546785494e-08, max_test_CL_un_norm=5.1809308843075996e-08
train epoch=110, loader_type='Both', approx_losses.avg=0.18264807718197504, constraint_losses.avg=0.23324037613868714
------------------------- test Main, avg_test_AL=0.022315141381803877, avg_test_CL=0.02231378211963802, max_test_CL=0.046410828828811646
------------------------- test un normalized Main, avg_test_AL_un_norm=0.022315141381803877, avg_test_CL_un_norm=0.02231378211963802, max_test_CL_un_norm=0.046410828828811646
------------------------- test Omega, avg_test_AL=0, avg_test_CL=4.5120783546785494e-08, max_test_CL=5.1809308843075996e-08
------------------------- test un normalized Omega, avg_test_AL_un_norm=0, avg_test_CL_un_norm=4.5120783546785494e-08, max_test_CL_un_norm=5.1809308843075996e-08
train epoch=111, loader_type='Both', approx_losses.avg=0.18264807718197504, constraint_losses.avg=0.23324037613868714
------------------------- test Main, avg_test_AL=0.022315141381803877, avg_test_CL=0.02231378211963802, max_test_CL=0.046410828828811646
------------------------- test un normalized Main, avg_test_AL_un_norm=0.022315141381803877, avg_test_CL_un_norm=0.02231378211963802, max_test_CL_un_norm=0.046410828828811646
------------------------- test Omega, avg_test_AL=0, avg_test_CL=4.5120783546785494e-08, max_test_CL=5.1809308843075996e-08
------------------------- test un normalized Omega, avg_test_AL_un_norm=0, avg_test_CL_un_norm=4.5120783546785494e-08, max_test_CL_un_norm=5.1809308843075996e-08
train epoch=112, loader_type='Both', approx_losses.avg=0.18264807718197504, constraint_losses.avg=0.23324037613868714
------------------------- test Main, avg_test_AL=0.022315141381803877, avg_test_CL=0.02231378211963802, max_test_CL=0.046410828828811646
------------------------- test un normalized Main, avg_test_AL_un_norm=0.022315141381803877, avg_test_CL_un_norm=0.02231378211963802, max_test_CL_un_norm=0.046410828828811646
------------------------- test Omega, avg_test_AL=0, avg_test_CL=4.5120783546785494e-08, max_test_CL=5.1809308843075996e-08
------------------------- test un normalized Omega, avg_test_AL_un_norm=0, avg_test_CL_un_norm=4.5120783546785494e-08, max_test_CL_un_norm=5.1809308843075996e-08
train epoch=113, loader_type='Both', approx_losses.avg=0.18264807718197504, constraint_losses.avg=0.23324037613868714
------------------------- test Main, avg_test_AL=0.022315141381803877, avg_test_CL=0.02231378211963802, max_test_CL=0.046410828828811646
------------------------- test un normalized Main, avg_test_AL_un_norm=0.022315141381803877, avg_test_CL_un_norm=0.02231378211963802, max_test_CL_un_norm=0.046410828828811646
------------------------- test Omega, avg_test_AL=0, avg_test_CL=4.5120783546785494e-08, max_test_CL=5.1809308843075996e-08
------------------------- test un normalized Omega, avg_test_AL_un_norm=0, avg_test_CL_un_norm=4.5120783546785494e-08, max_test_CL_un_norm=5.1809308843075996e-08
train epoch=114, loader_type='Both', approx_losses.avg=0.18264807718197504, constraint_losses.avg=0.23324037613868714
------------------------- test Main, avg_test_AL=0.022315141381803877, avg_test_CL=0.02231378211963802, max_test_CL=0.046410828828811646
------------------------- test un normalized Main, avg_test_AL_un_norm=0.022315141381803877, avg_test_CL_un_norm=0.02231378211963802, max_test_CL_un_norm=0.046410828828811646
------------------------- test Omega, avg_test_AL=0, avg_test_CL=4.5120783546785494e-08, max_test_CL=5.1809308843075996e-08
------------------------- test un normalized Omega, avg_test_AL_un_norm=0, avg_test_CL_un_norm=4.5120783546785494e-08, max_test_CL_un_norm=5.1809308843075996e-08
train epoch=115, loader_type='Both', approx_losses.avg=0.18264807718197504, constraint_losses.avg=0.23324037613868714
------------------------- test Main, avg_test_AL=0.022315141381803877, avg_test_CL=0.02231378211963802, max_test_CL=0.046410828828811646
------------------------- test un normalized Main, avg_test_AL_un_norm=0.022315141381803877, avg_test_CL_un_norm=0.02231378211963802, max_test_CL_un_norm=0.046410828828811646
------------------------- test Omega, avg_test_AL=0, avg_test_CL=4.5120783546785494e-08, max_test_CL=5.1809308843075996e-08
------------------------- test un normalized Omega, avg_test_AL_un_norm=0, avg_test_CL_un_norm=4.5120783546785494e-08, max_test_CL_un_norm=5.1809308843075996e-08
train epoch=116, loader_type='Both', approx_losses.avg=0.18264807718197504, constraint_losses.avg=0.23324037613868714
------------------------- test Main, avg_test_AL=0.022315141381803877, avg_test_CL=0.02231378211963802, max_test_CL=0.046410828828811646
------------------------- test un normalized Main, avg_test_AL_un_norm=0.022315141381803877, avg_test_CL_un_norm=0.02231378211963802, max_test_CL_un_norm=0.046410828828811646
------------------------- test Omega, avg_test_AL=0, avg_test_CL=4.5120783546785494e-08, max_test_CL=5.1809308843075996e-08
------------------------- test un normalized Omega, avg_test_AL_un_norm=0, avg_test_CL_un_norm=4.5120783546785494e-08, max_test_CL_un_norm=5.1809308843075996e-08
train epoch=117, loader_type='Both', approx_losses.avg=0.18264807718197504, constraint_losses.avg=0.23324037613868714
------------------------- test Main, avg_test_AL=0.022315141381803877, avg_test_CL=0.02231378211963802, max_test_CL=0.046410828828811646
------------------------- test un normalized Main, avg_test_AL_un_norm=0.022315141381803877, avg_test_CL_un_norm=0.02231378211963802, max_test_CL_un_norm=0.046410828828811646
------------------------- test Omega, avg_test_AL=0, avg_test_CL=4.5120783546785494e-08, max_test_CL=5.1809308843075996e-08
------------------------- test un normalized Omega, avg_test_AL_un_norm=0, avg_test_CL_un_norm=4.5120783546785494e-08, max_test_CL_un_norm=5.1809308843075996e-08
train epoch=118, loader_type='Both', approx_losses.avg=0.18264807718197504, constraint_losses.avg=0.23324037613868714
------------------------- test Main, avg_test_AL=0.022315141381803877, avg_test_CL=0.02231378211963802, max_test_CL=0.046410828828811646
------------------------- test un normalized Main, avg_test_AL_un_norm=0.022315141381803877, avg_test_CL_un_norm=0.02231378211963802, max_test_CL_un_norm=0.046410828828811646
------------------------- test Omega, avg_test_AL=0, avg_test_CL=4.5120783546785494e-08, max_test_CL=5.1809308843075996e-08
------------------------- test un normalized Omega, avg_test_AL_un_norm=0, avg_test_CL_un_norm=4.5120783546785494e-08, max_test_CL_un_norm=5.1809308843075996e-08
train epoch=119, loader_type='Both', approx_losses.avg=0.18264807718197504, constraint_losses.avg=0.23324037613868714
------------------------- test Main, avg_test_AL=0.022315141381803877, avg_test_CL=0.02231378211963802, max_test_CL=0.046410828828811646
------------------------- test un normalized Main, avg_test_AL_un_norm=0.022315141381803877, avg_test_CL_un_norm=0.02231378211963802, max_test_CL_un_norm=0.046410828828811646
------------------------- test Omega, avg_test_AL=0, avg_test_CL=4.5120783546785494e-08, max_test_CL=5.1809308843075996e-08
------------------------- test un normalized Omega, avg_test_AL_un_norm=0, avg_test_CL_un_norm=4.5120783546785494e-08, max_test_CL_un_norm=5.1809308843075996e-08
train epoch=120, loader_type='Both', approx_losses.avg=0.18264807718197504, constraint_losses.avg=0.23324037613868714
------------------------- test Main, avg_test_AL=0.022315141381803877, avg_test_CL=0.02231378211963802, max_test_CL=0.046410828828811646
------------------------- test un normalized Main, avg_test_AL_un_norm=0.022315141381803877, avg_test_CL_un_norm=0.02231378211963802, max_test_CL_un_norm=0.046410828828811646
------------------------- test Omega, avg_test_AL=0, avg_test_CL=4.5120783546785494e-08, max_test_CL=5.1809308843075996e-08
------------------------- test un normalized Omega, avg_test_AL_un_norm=0, avg_test_CL_un_norm=4.5120783546785494e-08, max_test_CL_un_norm=5.1809308843075996e-08
train epoch=121, loader_type='Both', approx_losses.avg=0.18264807718197504, constraint_losses.avg=0.23324037613868714
------------------------- test Main, avg_test_AL=0.022315141381803877, avg_test_CL=0.02231378211963802, max_test_CL=0.046410828828811646
------------------------- test un normalized Main, avg_test_AL_un_norm=0.022315141381803877, avg_test_CL_un_norm=0.02231378211963802, max_test_CL_un_norm=0.046410828828811646
------------------------- test Omega, avg_test_AL=0, avg_test_CL=4.5120783546785494e-08, max_test_CL=5.1809308843075996e-08
------------------------- test un normalized Omega, avg_test_AL_un_norm=0, avg_test_CL_un_norm=4.5120783546785494e-08, max_test_CL_un_norm=5.1809308843075996e-08
train epoch=122, loader_type='Both', approx_losses.avg=0.18264807718197504, constraint_losses.avg=0.23324037613868714
------------------------- test Main, avg_test_AL=0.022315141381803877, avg_test_CL=0.02231378211963802, max_test_CL=0.046410828828811646
------------------------- test un normalized Main, avg_test_AL_un_norm=0.022315141381803877, avg_test_CL_un_norm=0.02231378211963802, max_test_CL_un_norm=0.046410828828811646
------------------------- test Omega, avg_test_AL=0, avg_test_CL=4.5120783546785494e-08, max_test_CL=5.1809308843075996e-08
------------------------- test un normalized Omega, avg_test_AL_un_norm=0, avg_test_CL_un_norm=4.5120783546785494e-08, max_test_CL_un_norm=5.1809308843075996e-08
train epoch=123, loader_type='Both', approx_losses.avg=0.18264807718197504, constraint_losses.avg=0.23324037613868714
------------------------- test Main, avg_test_AL=0.022315141381803877, avg_test_CL=0.02231378211963802, max_test_CL=0.046410828828811646
------------------------- test un normalized Main, avg_test_AL_un_norm=0.022315141381803877, avg_test_CL_un_norm=0.02231378211963802, max_test_CL_un_norm=0.046410828828811646
------------------------- test Omega, avg_test_AL=0, avg_test_CL=4.5120783546785494e-08, max_test_CL=5.1809308843075996e-08
------------------------- test un normalized Omega, avg_test_AL_un_norm=0, avg_test_CL_un_norm=4.5120783546785494e-08, max_test_CL_un_norm=5.1809308843075996e-08
train epoch=124, loader_type='Both', approx_losses.avg=0.18264807718197504, constraint_losses.avg=0.23324037613868714
------------------------- test Main, avg_test_AL=0.022315141381803877, avg_test_CL=0.02231378211963802, max_test_CL=0.046410828828811646
------------------------- test un normalized Main, avg_test_AL_un_norm=0.022315141381803877, avg_test_CL_un_norm=0.02231378211963802, max_test_CL_un_norm=0.046410828828811646
------------------------- test Omega, avg_test_AL=0, avg_test_CL=4.5120783546785494e-08, max_test_CL=5.1809308843075996e-08
------------------------- test un normalized Omega, avg_test_AL_un_norm=0, avg_test_CL_un_norm=4.5120783546785494e-08, max_test_CL_un_norm=5.1809308843075996e-08
train epoch=125, loader_type='Both', approx_losses.avg=0.18264807718197504, constraint_losses.avg=0.23324037613868714
------------------------- test Main, avg_test_AL=0.022315141381803877, avg_test_CL=0.02231378211963802, max_test_CL=0.046410828828811646
------------------------- test un normalized Main, avg_test_AL_un_norm=0.022315141381803877, avg_test_CL_un_norm=0.02231378211963802, max_test_CL_un_norm=0.046410828828811646
------------------------- test Omega, avg_test_AL=0, avg_test_CL=4.5120783546785494e-08, max_test_CL=5.1809308843075996e-08
------------------------- test un normalized Omega, avg_test_AL_un_norm=0, avg_test_CL_un_norm=4.5120783546785494e-08, max_test_CL_un_norm=5.1809308843075996e-08
train epoch=126, loader_type='Both', approx_losses.avg=0.18264807718197504, constraint_losses.avg=0.23324037613868714
